<?xml version="1.0" encoding="UTF-8"?>
<testsuite name="SILab2Test" tests="1" skipped="0" failures="0" errors="0" timestamp="2023-05-31T18:47:21" hostname="DESKTOP-23O23HR" time="0.031">
  <properties/>
  <testcase name="multipleConditionstest()" classname="SILab2Test" time="0.031"/>
  <system-out><![CDATA[]]></system-out>
  <system-err><![CDATA[]]></system-err>
</testsuite>
